<Roster version="20" numSquads="4">
    <Squad unit="Rangers" name="BRAVO ONE" id="2460694628">
        <Trooper class="Assault">
            <Id name="JERSEY" portrait="data/textures/portraits/ranger29.dds" gender="0" voicePack="male_very_american"/>
            <Equipment>
                <PrimaryWeapon name="M4 Carbine"/>
                <PrimaryWeaponScope name="LPVO_6X"/>
                <PrimaryWeaponAmmo name="556FMJM855_M4"/>
                <PrimaryWeaponMuzzle/>
                <SecondaryWeapon name="1911 Pistol"/>
                <SecondaryWeaponScope name="IronSights_Pistol1911"/>
                <SecondaryWeaponAmmo name="45FMJM1911_1911 Pistol"/>
                <SecondaryWeaponMuzzle/>
                <Helmet name="HelmetIHPS"/>
                <HelmetNVG name="NVG_02"/>
                <Armor name="Rangers SFLCS Extended"/>
                <UtilityPouch1 name="Frag Grenade"/>
                <UtilityPouch2 name="Smoke Grenade"/>
                <SupportGear1 name="Flashbang Kit"/>
                <SupportGear2/>
                <SupportGear3 name="Crowbar"/>
            </Equipment>
            <InnateAbilities>
                <InnateAbility name="Marksmanship" percent="67"/>
                <InnateAbility name="AssaultShooting" percent="21"/>
                <InnateAbility name="FieldSkills" percent="12"/>
            </InnateAbilities>
            <Statistics xp="187880" totalMissionsWon="140" missionFailed="32" mission1Star="6" mission2Star="34" mission3Star="100" bulletsFired="2603" bulletsHit="1697" kills="815" killsStunnedTarget="114" killsUnawareTarget="60" injuries="165" doorsKicked="147" doorForcedBreaches="32" doorsBlownUp="75" grenadesUsed="134" distanceWalkedMeters="7638" completedHealthy="78" perfectAccuracy="21" challengesCompleted="28" bombsDisarmed="13" arrests="9" rescues="13" prev_xp="16104210"/>
        </Trooper>
        <Trooper class="Assault">
            <Id name="SOLO" portrait="data/textures/portraits/ranger20.dds" gender="0" voicePack="male_very_american"/>
            <Equipment>
                <PrimaryWeapon name="M4 Carbine"/>
                <PrimaryWeaponScope name="LPVO_6X"/>
                <PrimaryWeaponAmmo name="556FMJM855_M4"/>
                <PrimaryWeaponMuzzle/>
                <SecondaryWeapon name="1911 Pistol"/>
                <SecondaryWeaponScope name="IronSights_Pistol1911"/>
                <SecondaryWeaponAmmo name="45FMJM1911_1911 Pistol"/>
                <SecondaryWeaponMuzzle/>
                <Helmet name="HelmetIHPS"/>
                <HelmetNVG name="NVG_02"/>
                <Armor name="Rangers SFLCS Extended"/>
                <UtilityPouch1 name="Frag Grenade"/>
                <UtilityPouch2 name="Smoke Grenade"/>
                <SupportGear1 name="Flashbang Kit"/>
                <SupportGear2/>
                <SupportGear3 name="Crowbar"/>
            </Equipment>
            <InnateAbilities>
                <InnateAbility name="Marksmanship" percent="16"/>
                <InnateAbility name="AssaultShooting" percent="81"/>
                <InnateAbility name="FieldSkills" percent="3"/>
            </InnateAbilities>
            <Statistics xp="187500" totalMissionsWon="133" missionFailed="27" mission1Star="6" mission2Star="33" mission3Star="94" bulletsFired="2094" bulletsHit="1339" kills="718" killsStunnedTarget="94" killsUnawareTarget="61" injuries="122" doorsKicked="122" doorForcedBreaches="33" doorsBlownUp="57" grenadesUsed="129" distanceWalkedMeters="7751" completedHealthy="84" perfectAccuracy="23" challengesCompleted="29" bombsDisarmed="7" wallsBreached="20" arrests="9" rescues="17" prev_xp="14464220"/>
        </Trooper>
        <Trooper class="Assault">
            <Id name="ROSE" portrait="data/textures/portraits/ranger26.dds" gender="0" voicePack="female_operator"/>
            <Equipment>
                <PrimaryWeapon name="M4 Carbine"/>
                <PrimaryWeaponScope name="LPVO_6X"/>
                <PrimaryWeaponAmmo name="556FMJM855_M4"/>
                <PrimaryWeaponMuzzle/>
                <SecondaryWeapon name="1911 Pistol"/>
                <SecondaryWeaponScope name="IronSights_Pistol1911"/>
                <SecondaryWeaponAmmo name="45FMJM1911_1911 Pistol"/>
                <SecondaryWeaponMuzzle/>
                <Helmet name="HelmetIHPS"/>
                <HelmetNVG name="NVG_02"/>
                <Armor name="Rangers SFLCS Extended"/>
                <UtilityPouch1 name="Frag Grenade"/>
                <UtilityPouch2 name="Smoke Grenade"/>
                <SupportGear1 name="Flashbang Kit"/>
                <SupportGear2/>
                <SupportGear3 name="Crowbar"/>
            </Equipment>
            <InnateAbilities>
                <InnateAbility name="Marksmanship" percent="62"/>
                <InnateAbility name="AssaultShooting" percent="15"/>
                <InnateAbility name="FieldSkills" percent="24"/>
            </InnateAbilities>
            <Statistics xp="145850" totalMissionsWon="119" missionFailed="25" mission1Star="6" mission2Star="33" mission3Star="80" bulletsFired="1724" bulletsHit="1079" kills="527" killsStunnedTarget="120" killsUnawareTarget="42" injuries="132" doorsKicked="148" doorForcedBreaches="22" doorsBlownUp="38" grenadesUsed="131" distanceWalkedMeters="7826" completedHealthy="69" perfectAccuracy="18" challengesCompleted="41" bombsDisarmed="7" arrests="5" rescues="8" prev_xp="9899850"/>
        </Trooper>
        <Trooper class="Assault">
            <Id name="KILLER" portrait="data/textures/portraits/ranger41.dds" gender="0" voicePack="male_very_american"/>
            <Equipment>
                <PrimaryWeapon name="M4 Carbine"/>
                <PrimaryWeaponScope name="LPVO_6X"/>
                <PrimaryWeaponAmmo name="556FMJM855_M4"/>
                <PrimaryWeaponMuzzle/>
                <SecondaryWeapon name="1911 Pistol"/>
                <SecondaryWeaponScope name="IronSights_Pistol1911"/>
                <SecondaryWeaponAmmo name="45FMJM1911_1911 Pistol"/>
                <SecondaryWeaponMuzzle/>
                <Helmet name="HelmetIHPS"/>
                <HelmetNVG name="NVG_02"/>
                <Armor name="Rangers SFLCS Extended"/>
                <UtilityPouch1 name="Frag Grenade"/>
                <UtilityPouch2 name="Smoke Grenade"/>
                <SupportGear1 name="Flashbang Kit"/>
                <SupportGear2/>
                <SupportGear3 name="Crowbar"/>
            </Equipment>
            <InnateAbilities>
                <InnateAbility name="Marksmanship" percent="69"/>
                <InnateAbility name="AssaultShooting" percent="9"/>
                <InnateAbility name="FieldSkills" percent="22"/>
            </InnateAbilities>
            <Statistics xp="121360" totalMissionsWon="87" missionFailed="29" mission1Star="3" mission2Star="25" mission3Star="59" bulletsFired="1525" bulletsHit="979" kills="530" killsStunnedTarget="94" killsUnawareTarget="40" injuries="129" doorsKicked="77" doorForcedBreaches="36" doorsBlownUp="49" grenadesUsed="126" distanceWalkedMeters="5460" completedHealthy="49" perfectAccuracy="24" challengesCompleted="29" bombsDisarmed="6" wallsBreached="7" arrests="5" rescues="8" prev_xp="6549780"/>
        </Trooper>
        <Trooper class="Assault">
            <Id name="BAUER" portrait="data/textures/portraits/ranger15.dds" gender="0" voicePack="female_operator"/>
            <Equipment>
                <PrimaryWeapon name="M4Sup"/>
                <PrimaryWeaponScope name="LPVO_6X"/>
                <PrimaryWeaponAmmo name="556FMJMk318_M4Sup"/>
                <PrimaryWeaponMuzzle/>
                <SecondaryWeapon name="M9Sup Pistol"/>
                <SecondaryWeaponScope name="IronSights_Pistol"/>
                <SecondaryWeaponAmmo name="919JHPM1153_SupHandgun"/>
                <SecondaryWeaponMuzzle/>
                <Helmet name="HelmetIHPS"/>
                <HelmetNVG name="NVG_02"/>
                <Armor name="Rangers SFLCS Level IV Sides"/>
                <UtilityPouch1 name="Flashbang"/>
                <UtilityPouch2 name="Slap Charge"/>
                <SupportGear1 name="Spy Camera"/>
                <SupportGear2/>
                <SupportGear3 name="Crowbar"/>
            </Equipment>
            <InnateAbilities>
                <InnateAbility name="Marksmanship" percent="6"/>
                <InnateAbility name="AssaultShooting" percent="79"/>
                <InnateAbility name="FieldSkills" percent="16"/>
            </InnateAbilities>
            <Statistics xp="88210" totalMissionsWon="60" missionFailed="25" mission1Star="1" mission2Star="19" mission3Star="40" bulletsFired="1168" bulletsHit="750" kills="305" killsStunnedTarget="52" killsUnawareTarget="31" injuries="90" doorsKicked="46" doorForcedBreaches="44" doorsBlownUp="24" grenadesUsed="48" distanceWalkedMeters="2512" completedHealthy="33" perfectAccuracy="10" challengesCompleted="29" bombsDisarmed="6" arrests="4" rescues="6" prev_xp="3958250"/>
        </Trooper>
        <Trooper class="Assault">
            <Id name="BOOK" portrait="data/textures/portraits/ranger3.dds" gender="0" voicePack="male_very_american"/>
            <Equipment>
                <PrimaryWeapon name="M4Sup"/>
                <PrimaryWeaponScope name="LPVO_6X"/>
                <PrimaryWeaponAmmo name="556FMJMk318_M4Sup"/>
                <PrimaryWeaponMuzzle/>
                <SecondaryWeapon name="M9Sup Pistol"/>
                <SecondaryWeaponScope name="IronSights_Pistol"/>
                <SecondaryWeaponAmmo name="919JHPM1153_SupHandgun"/>
                <SecondaryWeaponMuzzle/>
                <Helmet name="HelmetIHPS"/>
                <HelmetNVG name="NVG_02"/>
                <Armor name="Rangers SFLCS Level IV Sides"/>
                <UtilityPouch1 name="Flashbang"/>
                <UtilityPouch2 name="Slap Charge"/>
                <SupportGear1 name="Dynamic Hammer"/>
                <SupportGear2/>
                <SupportGear3 name="Crowbar"/>
            </Equipment>
            <InnateAbilities>
                <InnateAbility name="Marksmanship" percent="11"/>
                <InnateAbility name="AssaultShooting" percent="53"/>
                <InnateAbility name="FieldSkills" percent="38"/>
            </InnateAbilities>
            <Statistics xp="81070" totalMissionsWon="57" missionFailed="24" mission1Star="1" mission2Star="17" mission3Star="39" bulletsFired="1087" bulletsHit="683" kills="309" killsStunnedTarget="51" killsUnawareTarget="41" injuries="78" doorsKicked="35" doorForcedBreaches="24" doorsBlownUp="17" grenadesUsed="54" distanceWalkedMeters="2423" completedHealthy="40" perfectAccuracy="9" challengesCompleted="27" bombsDisarmed="3" arrests="3" rescues="7" prev_xp="3537710"/>
        </Trooper>
        <Trooper class="Assault">
            <Id name="KENT" portrait="data/textures/portraits/ranger58.dds" gender="0" voicePack="male_very_american"/>
            <Equipment>
                <PrimaryWeapon name="M4Sup"/>
                <PrimaryWeaponScope name="LPVO_6X"/>
                <PrimaryWeaponAmmo name="556FMJMk318_M4Sup"/>
                <PrimaryWeaponMuzzle/>
                <SecondaryWeapon name="M9Sup Pistol"/>
                <SecondaryWeaponScope name="IronSights_Pistol"/>
                <SecondaryWeaponAmmo name="919JHPM1153_SupHandgun"/>
                <SecondaryWeaponMuzzle/>
                <Helmet name="HelmetIHPS"/>
                <HelmetNVG name="NVG_02"/>
                <Armor name="Rangers SFLCS Level IV Sides"/>
                <UtilityPouch1 name="Flashbang"/>
                <UtilityPouch2 name="Slap Charge"/>
                <SupportGear1 name="Spy Camera"/>
                <SupportGear2/>
                <SupportGear3 name="Crowbar"/>
            </Equipment>
            <InnateAbilities>
                <InnateAbility name="Marksmanship" percent="32"/>
                <InnateAbility name="AssaultShooting" percent="67"/>
                <InnateAbility name="FieldSkills" percent="2"/>
            </InnateAbilities>
            <Statistics xp="36910" totalMissionsWon="32" missionFailed="17" mission1Star="1" mission2Star="13" mission3Star="18" bulletsFired="591" bulletsHit="362" kills="175" killsStunnedTarget="21" killsUnawareTarget="18" injuries="64" doorsKicked="33" doorForcedBreaches="11" doorsBlownUp="8" grenadesUsed="28" distanceWalkedMeters="1669" completedHealthy="19" perfectAccuracy="8" challengesCompleted="4" bombsDisarmed="3" arrests="2" rescues="2" prev_xp="817720"/>
        </Trooper>
        <Trooper class="Assault">
            <Id name="HOPE" portrait="data/textures/portraits/ranger11.dds" gender="0" voicePack="male_very_american"/>
            <Equipment>
                <PrimaryWeapon name="M4Sup"/>
                <PrimaryWeaponScope name="LPVO_6X"/>
                <PrimaryWeaponAmmo name="556FMJMk318_M4Sup"/>
                <PrimaryWeaponMuzzle/>
                <SecondaryWeapon name="M9Sup Pistol"/>
                <SecondaryWeaponScope name="IronSights_Pistol"/>
                <SecondaryWeaponAmmo name="919JHPM1153_SupHandgun"/>
                <SecondaryWeaponMuzzle/>
                <Helmet name="HelmetIHPS"/>
                <HelmetNVG name="NVG_02"/>
                <Armor name="Rangers SFLCS Level IV Sides"/>
                <UtilityPouch1 name="Flashbang"/>
                <UtilityPouch2 name="Slap Charge"/>
                <SupportGear1 name="Dynamic Hammer"/>
                <SupportGear2/>
                <SupportGear3 name="Crowbar"/>
            </Equipment>
            <InnateAbilities>
                <InnateAbility name="Marksmanship" percent="94"/>
                <InnateAbility name="AssaultShooting" percent="1"/>
                <InnateAbility name="FieldSkills" percent="7"/>
            </InnateAbilities>
            <Statistics xp="27850" totalMissionsWon="27" missionFailed="12" mission2Star="11" mission3Star="16" bulletsFired="374" bulletsHit="239" kills="106" killsStunnedTarget="13" killsUnawareTarget="13" injuries="40" doorsKicked="11" doorForcedBreaches="10" doorsBlownUp="4" grenadesUsed="13" distanceWalkedMeters="1053" completedHealthy="21" perfectAccuracy="6" challengesCompleted="4" bombsDisarmed="3" arrests="1" rescues="2" prev_xp="533770"/>
        </Trooper>
        <Trooper class="Support">
            <Id name="SABICH" portrait="data/textures/portraits/ranger49.dds" gender="0" voicePack="male_very_american"/>
            <Equipment>
                <PrimaryWeapon name="M1014"/>
                <PrimaryWeaponScope name="IronSights"/>
                <PrimaryWeaponAmmo name="12GA00BUCK_M1014"/>
                <PrimaryWeaponMuzzle/>
                <SecondaryWeapon name="G2240 Pistol"/>
                <SecondaryWeaponScope name="IronSights_Pistol"/>
                <SecondaryWeaponAmmo name="40FMJ180GR_G2240 Pistol"/>
                <SecondaryWeaponMuzzle/>
                <Helmet name="HelmetIHPS"/>
                <HelmetNVG name="NVG_02"/>
                <Armor name="Rangers SFLCS Extended"/>
                <UtilityPouch1 name="Frag Grenade"/>
                <UtilityPouch2 name="Flashbang"/>
                <SupportGear1 name="Breaching Charge"/>
                <SupportGear2/>
                <SupportGear3 name="Crowbar"/>
            </Equipment>
            <InnateAbilities>
                <InnateAbility name="Marksmanship" percent="47"/>
                <InnateAbility name="AssaultShooting" percent="30"/>
                <InnateAbility name="FieldSkills" percent="24"/>
            </InnateAbilities>
            <Statistics xp="64450" totalMissionsWon="46" missionFailed="21" mission1Star="1" mission2Star="13" mission3Star="32" bulletsFired="1968" bulletsHit="955" kills="268" killsStunnedTarget="14" killsUnawareTarget="23" injuries="62" doorsKicked="39" doorForcedBreaches="24" doorsBlownUp="34" grenadesUsed="53" distanceWalkedMeters="2674" completedHealthy="31" perfectAccuracy="11" challengesCompleted="14" wallsBreached="11" rescues="8" prev_xp="1998360"/>
        </Trooper>
        <Trooper class="Support">
            <Id name="BARNSBY" portrait="data/textures/portraits/ranger47.dds" gender="0" voicePack="male_very_american"/>
            <Equipment>
                <PrimaryWeapon name="MK48"/>
                <PrimaryWeaponScope name="SpecterDR"/>
                <PrimaryWeaponAmmo name="762FMJM80_MK48"/>
                <PrimaryWeaponMuzzle/>
                <SecondaryWeapon name="G2240 Pistol"/>
                <SecondaryWeaponScope name="IronSights_Pistol"/>
                <SecondaryWeaponAmmo name="40FMJ180GR_G2240 Pistol"/>
                <SecondaryWeaponMuzzle/>
                <Helmet name="HelmetIHPS"/>
                <HelmetNVG name="NVG_02"/>
                <Armor name="Rangers SFLCS Extended"/>
                <UtilityPouch1 name="Frag Grenade"/>
                <UtilityPouch2 name="Flashbang"/>
                <SupportGear1 name="Breaching Charge"/>
                <SupportGear2/>
                <SupportGear3 name="Crowbar"/>
            </Equipment>
            <InnateAbilities>
                <InnateAbility name="Marksmanship" percent="6"/>
                <InnateAbility name="AssaultShooting" percent="8"/>
                <InnateAbility name="FieldSkills" percent="88"/>
            </InnateAbilities>
            <Statistics xp="37230" totalMissionsWon="28" missionFailed="11" mission2Star="7" mission3Star="21" bulletsFired="1039" bulletsHit="475" kills="113" killsStunnedTarget="6" killsUnawareTarget="15" injuries="29" doorsKicked="16" doorsBlownUp="9" grenadesUsed="29" distanceWalkedMeters="1078" completedHealthy="23" perfectAccuracy="9" challengesCompleted="11" bombsDisarmed="1" wallsBreached="7" rescues="1" prev_xp="683890"/>
        </Trooper>
        <Trooper class="Support">
            <Id name="COWBOY" portrait="data/textures/portraits/ranger30.dds" gender="0" voicePack="male_very_american"/>
            <Equipment>
                <PrimaryWeapon name="MK48"/>
                <PrimaryWeaponScope name="SpecterDR"/>
                <PrimaryWeaponAmmo name="762FMJM80_MK48"/>
                <PrimaryWeaponMuzzle/>
                <SecondaryWeapon name="G2240 Pistol"/>
                <SecondaryWeaponScope name="IronSights_Pistol"/>
                <SecondaryWeaponAmmo name="40FMJ180GR_G2240 Pistol"/>
                <SecondaryWeaponMuzzle/>
                <Helmet name="HelmetIHPS"/>
                <HelmetNVG name="NVG_02"/>
                <Armor name="Rangers SFLCS Extended"/>
                <UtilityPouch1 name="Frag Grenade"/>
                <UtilityPouch2 name="Flashbang"/>
                <SupportGear1 name="Breaching Charge"/>
                <SupportGear2/>
                <SupportGear3 name="Crowbar"/>
            </Equipment>
            <InnateAbilities>
                <InnateAbility name="Marksmanship" percent="13"/>
                <InnateAbility name="AssaultShooting" percent="78"/>
                <InnateAbility name="FieldSkills" percent="9"/>
            </InnateAbilities>
            <Statistics xp="19890" totalMissionsWon="15" missionFailed="2" mission2Star="3" mission3Star="12" bulletsFired="556" bulletsHit="267" kills="66" killsStunnedTarget="5" killsUnawareTarget="6" injuries="17" doorsKicked="6" doorForcedBreaches="7" doorsBlownUp="7" grenadesUsed="19" distanceWalkedMeters="452" completedHealthy="7" perfectAccuracy="2" challengesCompleted="8" wallsBreached="2" arrests="1" prev_xp="149690"/>
        </Trooper>
        <Trooper class="Support">
            <Id name="DOPE" portrait="data/textures/portraits/ranger42.dds" gender="0" voicePack="male_very_american"/>
            <Equipment>
                <PrimaryWeapon name="MK48"/>
                <PrimaryWeaponScope name="SpecterDR"/>
                <PrimaryWeaponAmmo name="762FMJM80_MK48"/>
                <PrimaryWeaponMuzzle/>
                <SecondaryWeapon name="G2240 Pistol"/>
                <SecondaryWeaponScope name="IronSights_Pistol"/>
                <SecondaryWeaponAmmo name="40FMJ180GR_G2240 Pistol"/>
                <SecondaryWeaponMuzzle/>
                <Helmet name="HelmetIHPS"/>
                <HelmetNVG name="NVG_02"/>
                <Armor name="Rangers SFLCS Extended"/>
                <UtilityPouch1 name="Frag Grenade"/>
                <UtilityPouch2 name="Flashbang"/>
                <SupportGear1 name="Breaching Charge"/>
                <SupportGear2/>
                <SupportGear3 name="Crowbar"/>
            </Equipment>
            <InnateAbilities>
                <InnateAbility name="Marksmanship" percent="54"/>
                <InnateAbility name="AssaultShooting" percent="2"/>
                <InnateAbility name="FieldSkills" percent="45"/>
            </InnateAbilities>
            <Statistics xp="12210" totalMissionsWon="7" missionFailed="1" mission2Star="1" mission3Star="6" bulletsFired="158" bulletsHit="99" kills="26" killsStunnedTarget="2" killsUnawareTarget="2" injuries="4" doorsBlownUp="6" grenadesUsed="7" distanceWalkedMeters="126" completedHealthy="6" perfectAccuracy="3" challengesCompleted="7" wallsBreached="3" prev_xp="38960"/>
        </Trooper>
        <Trooper class="Marksman">
            <Id name="FOX" portrait="data/textures/portraits/ranger1.dds" gender="0" voicePack="male_very_american"/>
            <Equipment>
                <PrimaryWeapon name="M14EBR"/>
                <PrimaryWeaponScope name="LROMK4_3_10X"/>
                <PrimaryWeaponAmmo name="762FMJM118LR_M14EBR"/>
                <PrimaryWeaponMuzzle/>
                <SecondaryWeapon name="G19X Pistol"/>
                <SecondaryWeaponScope name="IronSights_Pistol"/>
                <SecondaryWeaponAmmo name="919FMJM882_G19X Pistol"/>
                <SecondaryWeaponMuzzle/>
                <Helmet name="HelmetIHPS"/>
                <HelmetNVG name="NVG_02"/>
                <Armor name="Rangers SFLCS Level IV Sides"/>
                <UtilityPouch1 name="Frag Grenade"/>
                <UtilityPouch2 name="Smoke Grenade"/>
                <SupportGear1 name="Flashbang Kit"/>
                <SupportGear2/>
                <SupportGear3 name="Crowbar"/>
            </Equipment>
            <InnateAbilities>
                <InnateAbility name="Marksmanship" percent="48"/>
                <InnateAbility name="AssaultShooting" percent="43"/>
                <InnateAbility name="FieldSkills" percent="11"/>
            </InnateAbilities>
            <Statistics xp="93070" totalMissionsWon="64" missionFailed="16" mission1Star="4" mission2Star="23" mission3Star="37" bulletsFired="590" bulletsHit="471" kills="348" killsStunnedTarget="36" killsUnawareTarget="21" injuries="63" doorsKicked="33" doorForcedBreaches="16" doorsBlownUp="14" grenadesUsed="61" distanceWalkedMeters="3442" completedHealthy="40" perfectAccuracy="30" challengesCompleted="26" bombsDisarmed="6" arrests="1" rescues="7" prev_xp="3505330"/>
        </Trooper>
        <Trooper class="Marksman">
            <Id name="GRAHAM" portrait="data/textures/portraits/ranger7.dds" gender="0" voicePack="male_very_american"/>
            <Equipment>
                <PrimaryWeapon name="M14EBR"/>
                <PrimaryWeaponScope name="LROMK4_3_10X"/>
                <PrimaryWeaponAmmo name="762FMJM118LR_M14EBR"/>
                <PrimaryWeaponMuzzle/>
                <SecondaryWeapon name="G19X Pistol"/>
                <SecondaryWeaponScope name="IronSights_Pistol"/>
                <SecondaryWeaponAmmo name="919FMJM882_G19X Pistol"/>
                <SecondaryWeaponMuzzle/>
                <Helmet name="HelmetIHPS"/>
                <HelmetNVG name="NVG_02"/>
                <Armor name="Rangers SFLCS Level IV Sides"/>
                <UtilityPouch1 name="Frag Grenade"/>
                <UtilityPouch2 name="Smoke Grenade"/>
                <SupportGear1 name="Flashbang Kit"/>
                <SupportGear2/>
                <SupportGear3 name="Crowbar"/>
            </Equipment>
            <InnateAbilities>
                <InnateAbility name="Marksmanship" percent="47"/>
                <InnateAbility name="AssaultShooting" percent="8"/>
                <InnateAbility name="FieldSkills" percent="47"/>
            </InnateAbilities>
            <Statistics xp="46650" totalMissionsWon="34" missionFailed="9" mission1Star="4" mission2Star="14" mission3Star="16" bulletsFired="258" bulletsHit="205" kills="169" killsStunnedTarget="10" killsUnawareTarget="13" injuries="25" doorsKicked="16" doorForcedBreaches="2" doorsBlownUp="11" grenadesUsed="25" distanceWalkedMeters="1774" completedHealthy="27" perfectAccuracy="23" challengesCompleted="9" bombsDisarmed="4" arrests="1" rescues="2" prev_xp="942800"/>
        </Trooper>
        <Trooper class="Marksman">
            <Id name="ICE" portrait="data/textures/portraits/ranger22.dds" gender="0" voicePack="male_very_american"/>
            <Equipment>
                <PrimaryWeapon name="M14EBR"/>
                <PrimaryWeaponScope name="LROMK4_3_10X"/>
                <PrimaryWeaponAmmo name="762FMJM118LR_M14EBR"/>
                <PrimaryWeaponMuzzle/>
                <SecondaryWeapon name="G19X Pistol"/>
                <SecondaryWeaponScope name="IronSights_Pistol"/>
                <SecondaryWeaponAmmo name="919FMJM882_G19X Pistol"/>
                <SecondaryWeaponMuzzle/>
                <Helmet name="HelmetIHPS"/>
                <HelmetNVG name="NVG_02"/>
                <Armor name="Rangers SFLCS Level IV Sides"/>
                <UtilityPouch1 name="Frag Grenade"/>
                <UtilityPouch2 name="Smoke Grenade"/>
                <SupportGear1 name="Flashbang Kit"/>
                <SupportGear2/>
                <SupportGear3 name="Crowbar"/>
            </Equipment>
            <InnateAbilities>
                <InnateAbility name="Marksmanship" percent="11"/>
                <InnateAbility name="AssaultShooting" percent="70"/>
                <InnateAbility name="FieldSkills" percent="20"/>
            </InnateAbilities>
            <Statistics xp="21550" totalMissionsWon="19" missionFailed="3" mission1Star="2" mission2Star="5" mission3Star="12" bulletsFired="133" bulletsHit="114" kills="86" killsStunnedTarget="5" killsUnawareTarget="6" injuries="20" doorsKicked="11" doorForcedBreaches="4" doorsBlownUp="5" grenadesUsed="14" distanceWalkedMeters="947" completedHealthy="9" perfectAccuracy="12" prev_xp="209720"/>
        </Trooper>
        <Trooper class="Marksman">
            <Id name="LEWIS" portrait="data/textures/portraits/ranger6.dds" gender="0" voicePack="male_very_american"/>
            <Equipment>
                <PrimaryWeapon name="M14EBR"/>
                <PrimaryWeaponScope name="LROMK4_3_10X"/>
                <PrimaryWeaponAmmo name="762FMJM118LR_M14EBR"/>
                <PrimaryWeaponMuzzle/>
                <SecondaryWeapon name="G19X Pistol"/>
                <SecondaryWeaponScope name="IronSights_Pistol"/>
                <SecondaryWeaponAmmo name="919FMJM882_G19X Pistol"/>
                <SecondaryWeaponMuzzle/>
                <Helmet name="HelmetIHPS"/>
                <HelmetNVG name="NVG_02"/>
                <Armor name="Rangers SFLCS Level IV Sides"/>
                <UtilityPouch1 name="Frag Grenade"/>
                <UtilityPouch2 name="Smoke Grenade"/>
                <SupportGear1 name="Flashbang Kit"/>
                <SupportGear2/>
                <SupportGear3 name="Crowbar"/>
            </Equipment>
            <InnateAbilities>
                <InnateAbility name="Marksmanship" percent="28"/>
                <InnateAbility name="AssaultShooting" percent="66"/>
                <InnateAbility name="FieldSkills" percent="8"/>
            </InnateAbilities>
            <Statistics xp="15020" totalMissionsWon="12" missionFailed="3" mission1Star="1" mission2Star="2" mission3Star="9" bulletsFired="93" bulletsHit="77" kills="59" killsUnawareTarget="4" injuries="11" doorsKicked="6" doorForcedBreaches="1" doorsBlownUp="2" grenadesUsed="5" distanceWalkedMeters="413" completedHealthy="9" perfectAccuracy="6" bombsDisarmed="2" rescues="3" prev_xp="106750"/>
        </Trooper>
        <Trooper class="Grenadier">
            <Id name="DONOVAN" portrait="data/textures/portraits/ranger2.dds" gender="0" voicePack="male_very_american"/>
            <Equipment>
                <PrimaryWeapon name="M16A4/M203"/>
                <PrimaryWeaponScope name="SpecterDR"/>
                <PrimaryWeaponAmmo name="556FMJM855A1_M16A4"/>
                <PrimaryWeaponMuzzle/>
                <SecondaryWeapon name="G2240 Pistol"/>
                <SecondaryWeaponScope name="IronSights_Pistol"/>
                <SecondaryWeaponAmmo name="40FMJ180GR_G2240 Pistol"/>
                <SecondaryWeaponMuzzle/>
                <Helmet name="HelmetIHPS"/>
                <HelmetNVG name="NVG_02"/>
                <Armor name="Rangers SFLCS Extended"/>
                <UtilityPouch1 name="Frag Grenade"/>
                <UtilityPouch2 name="Slap Charge"/>
                <SupportGear1 name="Breaching Charge"/>
                <SupportGear2/>
                <SupportGear3 name="Crowbar"/>
            </Equipment>
            <InnateAbilities>
                <InnateAbility name="Marksmanship" percent="72"/>
                <InnateAbility name="AssaultShooting" percent="11"/>
                <InnateAbility name="FieldSkills" percent="17"/>
            </InnateAbilities>
            <Statistics xp="95810" totalMissionsWon="70" missionFailed="28" mission1Star="4" mission2Star="19" mission3Star="47" bulletsFired="2304" bulletsHit="1301" kills="481" killsStunnedTarget="17" killsUnawareTarget="50" injuries="90" doorsKicked="56" doorForcedBreaches="18" doorsBlownUp="66" grenadesUsed="57" distanceWalkedMeters="5058" completedHealthy="46" perfectAccuracy="10" challengesCompleted="6" bombsDisarmed="3" wallsBreached="23" arrests="4" rescues="6" prev_xp="4157630"/>
        </Trooper>
        <Trooper class="Grenadier">
            <Id name="SUNSHINE" portrait="data/textures/portraits/ranger8.dds" gender="0" voicePack="male_very_american"/>
            <Equipment>
                <PrimaryWeapon name="M16A4/M203"/>
                <PrimaryWeaponScope name="SpecterDR"/>
                <PrimaryWeaponAmmo name="556FMJM855A1_M16A4"/>
                <PrimaryWeaponMuzzle/>
                <SecondaryWeapon name="G2240 Pistol"/>
                <SecondaryWeaponScope name="IronSights_Pistol"/>
                <SecondaryWeaponAmmo name="40FMJ180GR_G2240 Pistol"/>
                <SecondaryWeaponMuzzle/>
                <Helmet name="HelmetIHPS"/>
                <HelmetNVG name="NVG_02"/>
                <Armor name="Rangers SFLCS Extended"/>
                <UtilityPouch1 name="Frag Grenade"/>
                <UtilityPouch2 name="Slap Charge"/>
                <SupportGear1 name="Breaching Charge"/>
                <SupportGear2/>
                <SupportGear3 name="Crowbar"/>
            </Equipment>
            <InnateAbilities>
                <InnateAbility name="Marksmanship" percent="51"/>
                <InnateAbility name="AssaultShooting" percent="27"/>
                <InnateAbility name="FieldSkills" percent="24"/>
            </InnateAbilities>
            <Statistics xp="61700" totalMissionsWon="45" missionFailed="12" mission1Star="2" mission2Star="13" mission3Star="30" bulletsFired="708" bulletsHit="449" kills="266" killsStunnedTarget="11" killsUnawareTarget="40" injuries="43" doorsKicked="22" doorForcedBreaches="9" doorsBlownUp="51" grenadesUsed="22" distanceWalkedMeters="2945" completedHealthy="32" perfectAccuracy="11" challengesCompleted="5" bombsDisarmed="6" wallsBreached="17" arrests="1" rescues="2" prev_xp="1535400"/>
        </Trooper>
        <Trooper class="Grenadier">
            <Id name="BOYD" portrait="data/textures/portraits/ranger5.dds" gender="0" voicePack="male_very_american"/>
            <Equipment>
                <PrimaryWeapon name="M16A4/M203"/>
                <PrimaryWeaponScope name="SpecterDR"/>
                <PrimaryWeaponAmmo name="556FMJM855A1_M16A4"/>
                <PrimaryWeaponMuzzle/>
                <SecondaryWeapon name="G2240 Pistol"/>
                <SecondaryWeaponScope name="IronSights_Pistol"/>
                <SecondaryWeaponAmmo name="40FMJ180GR_G2240 Pistol"/>
                <SecondaryWeaponMuzzle/>
                <Helmet name="HelmetIHPS"/>
                <HelmetNVG name="NVG_02"/>
                <Armor name="Rangers SFLCS Extended"/>
                <UtilityPouch1 name="Frag Grenade"/>
                <UtilityPouch2 name="Slap Charge"/>
                <SupportGear1 name="Breaching Charge"/>
                <SupportGear2/>
                <SupportGear3 name="Crowbar"/>
            </Equipment>
            <InnateAbilities>
                <InnateAbility name="Marksmanship" percent="18"/>
                <InnateAbility name="AssaultShooting" percent="48"/>
                <InnateAbility name="FieldSkills" percent="35"/>
            </InnateAbilities>
            <Statistics xp="40520" totalMissionsWon="23" missionFailed="5" mission1Star="2" mission2Star="8" mission3Star="13" bulletsFired="427" bulletsHit="269" kills="183" killsStunnedTarget="5" killsUnawareTarget="13" injuries="30" doorsKicked="16" doorForcedBreaches="10" doorsBlownUp="47" grenadesUsed="33" distanceWalkedMeters="1367" completedHealthy="11" perfectAccuracy="5" challengesCompleted="16" bombsDisarmed="6" wallsBreached="6" prev_xp="507000"/>
        </Trooper>
        <Trooper class="Grenadier">
            <Id name="BANDIT" portrait="data/textures/portraits/ranger12.dds" gender="0" voicePack="male_very_american"/>
            <Equipment>
                <PrimaryWeapon name="M16A4/M203"/>
                <PrimaryWeaponScope name="SpecterDR"/>
                <PrimaryWeaponAmmo name="556FMJM855A1_M16A4"/>
                <PrimaryWeaponMuzzle/>
                <SecondaryWeapon name="G2240 Pistol"/>
                <SecondaryWeaponScope name="IronSights_Pistol"/>
                <SecondaryWeaponAmmo name="40FMJ180GR_G2240 Pistol"/>
                <SecondaryWeaponMuzzle/>
                <Helmet name="HelmetIHPS"/>
                <HelmetNVG name="NVG_02"/>
                <Armor name="Rangers SFLCS Extended"/>
                <UtilityPouch1 name="Frag Grenade"/>
                <UtilityPouch2 name="Slap Charge"/>
                <SupportGear1 name="Breaching Charge"/>
                <SupportGear2/>
                <SupportGear3 name="Crowbar"/>
            </Equipment>
            <InnateAbilities>
                <InnateAbility name="Marksmanship" percent="44"/>
                <InnateAbility name="AssaultShooting" percent="48"/>
                <InnateAbility name="FieldSkills" percent="8"/>
            </InnateAbilities>
            <Statistics xp="27350" totalMissionsWon="19" missionFailed="2" mission1Star="2" mission2Star="7" mission3Star="10" bulletsFired="251" bulletsHit="142" kills="91" killsStunnedTarget="2" killsUnawareTarget="7" injuries="16" doorsKicked="11" doorForcedBreaches="3" doorsBlownUp="19" grenadesUsed="18" distanceWalkedMeters="1054" completedHealthy="11" perfectAccuracy="4" challengesCompleted="15" bombsDisarmed="3" wallsBreached="6" arrests="1" rescues="4" prev_xp="288590"/>
        </Trooper>
    </Squad>
    <Squad unit="CIA" name="TEAM KRAKEN" id="999050707">
        <Trooper class="Undercover">
            <Id name="MONK" portrait="data/textures/portraits/cia34.dds" gender="0" voicePack="male_very_american"/>
            <Equipment>
                <PrimaryWeapon/>
                <PrimaryWeaponScope/>
                <PrimaryWeaponAmmo/>
                <PrimaryWeaponMuzzle/>
                <SecondaryWeapon name="G19Sup Pistol CIA BOps"/>
                <SecondaryWeaponScope name="IronSights_Pistol"/>
                <SecondaryWeaponAmmo name="919JHPM1153_SupSmallHandgun"/>
                <SecondaryWeaponMuzzle/>
                <Helmet name="CapUndercover"/>
                <HelmetNVG/>
                <Armor name="CIA Concealable LVL3A Limited"/>
                <UtilityPouch1 name="Flashbang Single"/>
                <UtilityPouch2 name="Slap Charge"/>
                <SupportGear1/>
                <SupportGear2 name="Lockpick"/>
                <SupportGear3/>
            </Equipment>
            <InnateAbilities>
                <InnateAbility name="Marksmanship" percent="41"/>
                <InnateAbility name="AssaultShooting" percent="39"/>
                <InnateAbility name="FieldSkills" percent="22"/>
            </InnateAbilities>
            <Statistics xp="53510" totalMissionsWon="41" missionFailed="18" mission1Star="2" mission2Star="6" mission3Star="33" bulletsFired="481" bulletsHit="328" kills="159" killsStunnedTarget="8" killsUnawareTarget="18" injuries="47" doorsKicked="12" doorLockpicks="15" doorsBlownUp="2" grenadesUsed="2" distanceWalkedMeters="2659" completedHealthy="31" perfectAccuracy="13" challengesCompleted="14" bombsDisarmed="3" arrests="8" rescues="4" prev_xp="1373630"/>
        </Trooper>
        <Trooper class="Undercover">
            <Id name="FALCON" portrait="data/textures/portraits/cia43.dds" gender="0" voicePack="male_very_american"/>
            <Equipment>
                <PrimaryWeapon/>
                <PrimaryWeaponScope/>
                <PrimaryWeaponAmmo/>
                <PrimaryWeaponMuzzle/>
                <SecondaryWeapon name="G19Sup Pistol CIA BOps"/>
                <SecondaryWeaponScope name="IronSights_Pistol"/>
                <SecondaryWeaponAmmo name="919JHPM1153_SupSmallHandgun"/>
                <SecondaryWeaponMuzzle/>
                <Helmet name="CapUndercover"/>
                <HelmetNVG/>
                <Armor name="CIA Concealable LVL3A Limited"/>
                <UtilityPouch1 name="Flashbang Single"/>
                <UtilityPouch2 name="Slap Charge"/>
                <SupportGear1/>
                <SupportGear2 name="Lockpick"/>
                <SupportGear3/>
            </Equipment>
            <InnateAbilities>
                <InnateAbility name="Marksmanship" percent="24"/>
                <InnateAbility name="AssaultShooting" percent="55"/>
                <InnateAbility name="FieldSkills" percent="23"/>
            </InnateAbilities>
            <Statistics xp="51490" totalMissionsWon="40" missionFailed="21" mission1Star="2" mission2Star="6" mission3Star="32" bulletsFired="444" bulletsHit="299" kills="150" killsStunnedTarget="12" killsUnawareTarget="26" injuries="55" doorsKicked="9" doorLockpicks="9" grenadesUsed="2" distanceWalkedMeters="3138" completedHealthy="35" perfectAccuracy="19" challengesCompleted="13" bombsDisarmed="9" arrests="3" rescues="4" prev_xp="1334480"/>
        </Trooper>
        <Trooper class="BlackOps">
            <Id name="CLANCY" portrait="data/textures/portraits/cia8.dds" gender="0" voicePack="male_very_american"/>
            <Equipment>
                <PrimaryWeapon/>
                <PrimaryWeaponScope/>
                <PrimaryWeaponAmmo/>
                <PrimaryWeaponMuzzle/>
                <SecondaryWeapon name="G19Sup Pistol CIA BOps"/>
                <SecondaryWeaponScope name="IronSights_Pistol"/>
                <SecondaryWeaponAmmo name="919JHPM1153_SupSmallHandgun"/>
                <SecondaryWeaponMuzzle/>
                <Helmet name="CapBlackOps"/>
                <HelmetNVG name="NVG_02"/>
                <Armor name="CIA Concealable LVL2"/>
                <UtilityPouch1 name="Flashbang"/>
                <UtilityPouch2 name="Slap Charge"/>
                <SupportGear1 name="Poncho"/>
                <SupportGear2 name="Lockpick"/>
                <SupportGear3/>
            </Equipment>
            <InnateAbilities>
                <InnateAbility name="Marksmanship" percent="1"/>
                <InnateAbility name="AssaultShooting" percent="1"/>
                <InnateAbility name="FieldSkills" percent="100"/>
            </InnateAbilities>
            <Statistics xp="46430" totalMissionsWon="32" missionFailed="19" mission1Star="2" mission2Star="4" mission3Star="26" bulletsFired="678" bulletsHit="479" kills="232" killsStunnedTarget="6" killsUnawareTarget="22" injuries="50" doorsKicked="21" doorLockpicks="10" doorsBlownUp="3" grenadesUsed="3" distanceWalkedMeters="2180" completedHealthy="27" perfectAccuracy="11" challengesCompleted="6" arrests="5" rescues="1" prev_xp="1019510"/>
        </Trooper>
        <Trooper class="BlackOps">
            <Id name="ROSE" portrait="data/textures/portraits/cia45.dds" gender="0" voicePack="female_ranger"/>
            <Equipment>
                <PrimaryWeapon/>
                <PrimaryWeaponScope/>
                <PrimaryWeaponAmmo/>
                <PrimaryWeaponMuzzle/>
                <SecondaryWeapon name="G19Sup Pistol CIA BOps"/>
                <SecondaryWeaponScope name="IronSights_Pistol"/>
                <SecondaryWeaponAmmo name="919JHPM1153_SupSmallHandgun"/>
                <SecondaryWeaponMuzzle/>
                <Helmet name="CapBlackOps"/>
                <HelmetNVG name="NVG_02"/>
                <Armor name="CIA Concealable LVL2"/>
                <UtilityPouch1 name="Flashbang"/>
                <UtilityPouch2 name="Slap Charge"/>
                <SupportGear1 name="Poncho"/>
                <SupportGear2 name="Lockpick"/>
                <SupportGear3/>
            </Equipment>
            <InnateAbilities>
                <InnateAbility name="Marksmanship" percent="7"/>
                <InnateAbility name="AssaultShooting" percent="87"/>
                <InnateAbility name="FieldSkills" percent="8"/>
            </InnateAbilities>
            <Statistics xp="45400" totalMissionsWon="31" missionFailed="15" mission1Star="2" mission2Star="4" mission3Star="25" bulletsFired="577" bulletsHit="380" kills="191" killsStunnedTarget="6" killsUnawareTarget="39" injuries="37" doorsKicked="8" doorLockpicks="12" doorsBlownUp="4" distanceWalkedMeters="1907" completedHealthy="26" perfectAccuracy="9" challengesCompleted="6" arrests="6" rescues="3" prev_xp="914270"/>
        </Trooper>
    </Squad>
</Roster>
